\BOOKMARK [1][-]{section.1}{\376\377\000G\000e\000t\000t\000i\000n\000g\000\040\000S\000t\000a\000r\000t\000e\000d\000\040\137\000\131\313\117\177\165\050}{}% 1
\BOOKMARK [2][-]{subsection.1.1}{\376\377\000I\000n\000s\000t\000a\000l\000l\000t\000i\000o\000n\000\040\133\211\210\305}{section.1}% 2
\BOOKMARK [2][-]{subsection.1.2}{\376\377\000A\000\040\000M\000i\000n\000i\000m\000a\000l\000\040\000E\000x\000a\000m\000p\000l\000e\000\040\116\000\116\052\147\000\134\017\171\072\117\213}{section.1}% 3
\BOOKMARK [2][-]{subsection.1.3}{\376\377\000O\000p\000t\000i\000o\000n\000s\000\040\220\011\230\171}{section.1}% 4
\BOOKMARK [1][-]{section.2}{\376\377\000C\000o\000m\000m\000a\000n\000d\000s\000\040\000a\000n\000d\000\040\000E\000n\000v\000i\000r\000o\000n\000m\000e\000n\000t\000s\000\040\124\175\116\344\116\016\163\257\130\203}{}% 5
\BOOKMARK [2][-]{subsection.2.1}{\376\377\000A\000b\000s\000t\000r\000a\000c\000t\000\040\000E\000n\000v\000i\000r\000o\000n\000m\000e\000n\000t\000\040\144\130\211\201\163\257\130\203}{section.2}% 6
\BOOKMARK [2][-]{subsection.2.2}{\376\377\000P\000a\000r\000a\000C\000o\000l\000u\000m\000n\000\040\000E\000n\000v\000i\000r\000o\000n\000m\000e\000n\000t\000\040\123\314\150\017\163\257\130\203}{section.2}% 7
\BOOKMARK [2][-]{subsection.2.3}{\376\377\000C\000r\000o\000s\000s\000C\000o\000l\000u\000m\000n\000T\000e\000x\000t\000\040\000C\000o\000m\000m\000a\000n\000d\000\040\215\350\150\017\124\175\116\344}{section.2}% 8
\BOOKMARK [2][-]{subsection.2.4}{\376\377\000B\000i\000l\000i\000T\000a\000b\000l\000e\000\040\000E\000n\000v\000i\000r\000o\000n\000m\000e\000n\000t\000\040\123\314\213\355\210\150\150\074\163\257\130\203}{section.2}% 9
\BOOKMARK [2][-]{subsection.2.5}{\376\377\000B\000i\000l\000i\000F\000i\000g\000u\000r\000e\000\040\000E\000n\000v\000i\000r\000o\000n\000m\000e\000n\000t\000\040\123\314\213\355\126\376\137\142\163\257\130\203}{section.2}% 10
\BOOKMARK [2][-]{subsection.2.6}{\376\377\000S\000i\000d\000e\000-\000b\000y\000-\000S\000i\000d\000e\000\040\000C\000h\000a\000r\000t\000s\000\040\000C\000o\000m\000m\000a\000n\000d\000\040\126\376\210\150\152\052\143\222\124\175\116\344}{section.2}% 11
\BOOKMARK [2][-]{subsection.2.7}{\376\377\000E\000n\000d\000-\000b\000y\000-\000E\000n\000d\000\040\000C\000h\000a\000r\000t\000s\000\040\000C\000o\000m\000m\000a\000n\000d\000\040\126\376\210\150\172\326\143\222\124\175\116\344}{section.2}% 12
\BOOKMARK [2][-]{subsection.2.8}{\376\377\000C\000o\000m\000b\000i\000n\000a\000t\000i\000o\000n\000\040\000o\000f\000\040\000S\000i\000d\000e\000-\000b\000y\000-\000S\000i\000d\000e\000\040\000a\000n\000d\000\040\000E\000n\000d\000-\000b\000y\000-\000E\000n\000d\000\040\000C\000h\000a\000r\000t\000s\000\040\152\052\143\222\116\016\172\326\143\222\126\376\210\150\166\204\176\304\124\010}{section.2}% 13
\BOOKMARK [2][-]{subsection.2.9}{\376\377\000C\000o\000s\000s\000\040\000R\000e\000f\000e\000r\000e\000n\000c\000e\000\040\116\244\123\311\137\025\165\050}{section.2}% 14
\BOOKMARK [2][-]{subsection.2.10}{\376\377\000R\000e\000f\000e\000r\000e\000n\000c\000e\000\040\123\302\200\003\145\207\163\056}{section.2}% 15
\BOOKMARK [1][-]{section.3}{\376\377\000S\000o\000u\000r\000c\000e\000\040\000C\000o\000d\000e\000\040\000o\000f\000\040\000T\000h\000i\000s\000\040\000D\000o\000c\000u\000m\000e\000n\000t\000\040\147\054\145\207\150\143\166\204\156\220\170\001}{}% 16
\BOOKMARK [2][-]{subsection.3.1}{\376\377\000M\000a\000i\000n\000\040\000D\000o\000c\000u\000m\000e\000n\000t\000\040\000F\000i\000l\000e\000\040\116\073\145\207\116\366}{section.3}% 17
\BOOKMARK [2][-]{subsection.3.2}{\376\377\000S\000e\000c\000t\000i\000o\000n\000\040\000F\000i\000l\000e\000\040\172\340\202\202\145\207\116\366}{section.3}% 18
\BOOKMARK [2][-]{subsection.3.3}{\376\377\000T\000a\000b\000l\000e\000\040\000F\000i\000l\000e\000\040\210\150\150\074\145\207\116\366}{section.3}% 19
\BOOKMARK [2][-]{subsection.3.4}{\376\377\000F\000i\000g\000u\000r\000e\000\040\000F\000i\000l\000e\000\040\126\376\162\107\145\207\116\366}{section.3}% 20
\BOOKMARK [2][-]{subsection.3.5}{\376\377\000L\000i\000s\000t\000i\000n\000g\000\040\000F\000i\000l\000e\000\040\116\343\170\001\145\207\116\366}{section.3}% 21
